<?xml version="1.0" encoding="UTF-8"?>
<!-- Generated by org.testng.reporters.JUnitReportReporter -->
<testsuite hostname="DESKTOP-JUROTAA" failures="0" tests="2" name="com.orangeHRM.test.LoginPageTest" time="78.560" errors="0" timestamp="2025-01-30T14:49:13 IST" skipped="0">
  <testcase classname="com.orangeHRM.test.LoginPageTest" name="verifyValidLoginTest" time="36.344"/>
  <testcase classname="com.orangeHRM.test.LoginPageTest" name="inValidLoginTest" time="42.216"/>
</testsuite> <!-- com.orangeHRM.test.LoginPageTest -->
