<?xml version="1.0" encoding="UTF-8"?>
<!-- Generated by org.testng.reporters.JUnitReportReporter -->
<testsuite hostname="DESKTOP-JUROTAA" failures="0" tests="1" name="com.orangeHRM.test.DummyClass" time="28.640" errors="0" timestamp="2025-02-01T09:13:07 IST" skipped="1">
  <testcase classname="com.orangeHRM.test.DummyClass" name="dummyTest" time="28.640">
    <skipped/>
  </testcase> <!-- dummyTest -->
</testsuite> <!-- com.orangeHRM.test.DummyClass -->
