<?xml version="1.0" encoding="UTF-8"?>
<!-- Generated by org.testng.reporters.JUnitReportReporter -->
<testsuite hostname="DESKTOP-JUROTAA" failures="0" tests="1" name="com.orangeHRM.test.DBVerificationTest" time="37.824" errors="0" timestamp="2025-02-21T20:24:11 IST" skipped="0">
  <testcase classname="com.orangeHRM.test.DBVerificationTest" name="verifyEmployeeNameVerificationFromDB" time="37.824"/>
</testsuite> <!-- com.orangeHRM.test.DBVerificationTest -->
