<?xml version="1.0" encoding="UTF-8"?>
<!-- Generated by org.testng.reporters.JUnitReportReporter -->
<testsuite hostname="DESKTOP-JUROTAA" failures="0" tests="1" name="com.orangeHRM.test.HomePageTest" time="24.031" errors="0" timestamp="2025-02-21T20:10:25 IST" skipped="0">
  <testcase classname="com.orangeHRM.test.HomePageTest" name="verifyOrangeHRMLogo" time="24.031"/>
</testsuite> <!-- com.orangeHRM.test.HomePageTest -->
