<?xml version="1.0" encoding="UTF-8"?>
<!-- Generated by org.testng.reporters.JUnitReportReporter -->
<testsuite hostname="DESKTOP-JUROTAA" failures="0" tests="1" name="com.orangeHRM.test.HomePageTest" time="40.799" errors="0" timestamp="2025-02-01T09:13:07 IST" skipped="0">
  <testcase classname="com.orangeHRM.test.HomePageTest" name="verifyOrangeHRMLogo" time="40.799"/>
</testsuite> <!-- com.orangeHRM.test.HomePageTest -->
