<?xml version="1.0" encoding="UTF-8"?>
<!-- Generated by org.testng.reporters.JUnitReportReporter -->
<testsuite hostname="DESKTOP-JUROTAA" failures="0" tests="2" name="com.orangeHRM.test.LoginPageTest" time="40.001" errors="0" timestamp="2025-02-21T20:10:25 IST" skipped="0">
  <testcase classname="com.orangeHRM.test.LoginPageTest" name="inValidLoginTest" time="18.171"/>
  <testcase classname="com.orangeHRM.test.LoginPageTest" name="verifyValidLoginTest" time="21.830"/>
</testsuite> <!-- com.orangeHRM.test.LoginPageTest -->
