<?xml version="1.0" encoding="UTF-8"?>
<!-- Generated by org.testng.reporters.JUnitReportReporter -->
<testsuite hostname="DESKTOP-JUROTAA" failures="0" tests="1" name="com.orangeHRM.test.DummyClass2" time="20.914" errors="0" timestamp="2025-01-30T14:49:13 IST" skipped="0">
  <testcase classname="com.orangeHRM.test.DummyClass2" name="dummyTest2" time="20.914"/>
</testsuite> <!-- com.orangeHRM.test.DummyClass2 -->
